<?xml version="1.0" encoding="UTF-8"?>
<!-- Generated by org.testng.reporters.JUnitReportReporter -->
<testsuite skipped="0" hostname="Archange-PC" name="com.bootcamp.entities.BailleurNGTest" tests="1" failures="0" timestamp="28 sept. 2017 12:13:56 GMT" time="0.016" errors="0">
  <testcase name="testAdd" time="0.016" classname="com.bootcamp.entities.BailleurNGTest"/>
</testsuite> <!-- com.bootcamp.entities.BailleurNGTest -->
