<?xml version="1.0" encoding="UTF-8"?>
<!-- Generated by org.testng.reporters.JUnitReportReporter -->
<testsuite skipped="0" hostname="Archange-PC" name="com.bootcamp.entities.GenerationTable" tests="1" failures="0" timestamp="28 sept. 2017 10:28:52 GMT" time="12.672" errors="0">
  <testcase name="tearDownMethod" time="12.672" classname="com.bootcamp.entities.GenerationTable"/>
</testsuite> <!-- com.bootcamp.entities.GenerationTable -->
